2020-10-14 10:56:46.666 [main] INFO  bao.xy.Application - Starting Application on DESKTOP-E4PFTSG with PID 13420 (D:\Javawork\springBoot\target\classes started by 17545 in D:\Javawork\springBoot)
2020-10-14 10:56:46.667 [main] INFO  bao.xy.Application - No active profile set, falling back to default profiles: default
2020-10-14 10:56:51.626 [main] INFO  bao.xy.Application - Started Application in 6.048 seconds (JVM running for 10.213)
2020-10-14 10:57:55.593 [main] INFO  bao.xy.Application - Starting Application on DESKTOP-E4PFTSG with PID 10656 (D:\Javawork\springBoot\target\classes started by 17545 in D:\Javawork\springBoot)
2020-10-14 10:57:55.595 [main] INFO  bao.xy.Application - No active profile set, falling back to default profiles: default
2020-10-14 10:58:00.064 [main] INFO  bao.xy.Application - Started Application in 5.585 seconds (JVM running for 7.91)
2020-10-14 10:59:07.188 [main] INFO  bao.xy.Application - Starting Application on DESKTOP-E4PFTSG with PID 6772 (D:\Javawork\springBoot\target\classes started by 17545 in D:\Javawork\springBoot)
2020-10-14 10:59:07.189 [main] INFO  bao.xy.Application - No active profile set, falling back to default profiles: default
2020-10-14 10:59:11.213 [main] INFO  bao.xy.Application - Started Application in 5.12 seconds (JVM running for 6.987)
2020-10-14 15:31:07.473 [main] INFO  bao.xy.ApplicationTests - Starting ApplicationTests on DESKTOP-E4PFTSG with PID 12332 (started by 17545 in D:\Javawork\springBoot)
2020-10-14 15:31:07.498 [main] INFO  bao.xy.ApplicationTests - No active profile set, falling back to default profiles: default
2020-10-14 15:31:14.379 [main] INFO  bao.xy.ApplicationTests - Started ApplicationTests in 7.89 seconds (JVM running for 11.14)
2020-10-14 17:21:31.138 [main] INFO  bao.xy.Application - Starting Application on DESKTOP-E4PFTSG with PID 19988 (D:\Javawork\springBoot\target\classes started by 17545 in D:\Javawork\springBoot)
2020-10-14 17:21:31.162 [main] INFO  bao.xy.Application - No active profile set, falling back to default profiles: default
2020-10-14 17:21:36.475 [main] INFO  bao.xy.Application - Started Application in 7.385 seconds (JVM running for 11.762)
2020-10-14 17:25:42.992 [main] INFO  bao.xy.Application - Starting Application on DESKTOP-E4PFTSG with PID 19712 (D:\Javawork\springBoot\target\classes started by 17545 in D:\Javawork\springBoot)
2020-10-14 17:25:42.993 [main] INFO  bao.xy.Application - No active profile set, falling back to default profiles: default
2020-10-14 17:25:46.144 [main] INFO  bao.xy.Application - Started Application in 4.165 seconds (JVM running for 5.816)
2020-10-14 17:27:56.880 [main] INFO  bao.xy.Application - Starting Application on DESKTOP-E4PFTSG with PID 17924 (D:\Javawork\springBoot\target\classes started by 17545 in D:\Javawork\springBoot)
2020-10-14 17:27:56.884 [main] INFO  bao.xy.Application - No active profile set, falling back to default profiles: default
2020-10-14 17:28:00.431 [main] INFO  bao.xy.Application - Started Application in 4.262 seconds (JVM running for 5.538)
2020-10-14 17:36:11.398 [main] INFO  bao.xy.Application - Starting Application on DESKTOP-E4PFTSG with PID 9292 (D:\Javawork\springBoot\target\classes started by 17545 in D:\Javawork\springBoot)
2020-10-14 17:36:11.400 [main] INFO  bao.xy.Application - No active profile set, falling back to default profiles: default
2020-10-14 17:36:14.787 [main] INFO  bao.xy.Application - Started Application in 4.184 seconds (JVM running for 5.766)
2020-10-14 19:46:15.834 [main] INFO  bao.xy.Application - Starting Application on DESKTOP-E4PFTSG with PID 14700 (D:\Javawork\springBoot\target\classes started by 17545 in D:\Javawork\springBoot)
2020-10-14 19:46:15.836 [main] INFO  bao.xy.Application - No active profile set, falling back to default profiles: default
2020-10-14 19:46:20.358 [main] INFO  bao.xy.Application - Started Application in 5.478 seconds (JVM running for 7.248)
2020-10-14 19:46:53.269 [main] INFO  bao.xy.Application - Starting Application on DESKTOP-E4PFTSG with PID 1000 (D:\Javawork\springBoot\target\classes started by 17545 in D:\Javawork\springBoot)
2020-10-14 19:46:53.270 [main] INFO  bao.xy.Application - No active profile set, falling back to default profiles: default
2020-10-14 19:46:56.055 [main] INFO  bao.xy.Application - Started Application in 3.702 seconds (JVM running for 5.105)
2020-10-14 19:47:23.474 [main] INFO  bao.xy.Application - Starting Application on DESKTOP-E4PFTSG with PID 14216 (D:\Javawork\springBoot\target\classes started by 17545 in D:\Javawork\springBoot)
2020-10-14 19:47:23.477 [main] INFO  bao.xy.Application - No active profile set, falling back to default profiles: default
2020-10-14 19:47:26.544 [main] INFO  bao.xy.Application - Started Application in 3.844 seconds (JVM running for 5.205)
2020-10-14 19:52:27.916 [main] INFO  bao.xy.Application - Starting Application on DESKTOP-E4PFTSG with PID 372 (D:\Javawork\springBoot\target\classes started by 17545 in D:\Javawork\springBoot)
2020-10-14 19:52:27.919 [main] INFO  bao.xy.Application - No active profile set, falling back to default profiles: default
2020-10-14 19:52:31.877 [main] INFO  bao.xy.Application - Started Application in 4.981 seconds (JVM running for 7.673)
2020-10-14 19:52:59.519 [main] INFO  bao.xy.Application - Starting Application on DESKTOP-E4PFTSG with PID 18648 (D:\Javawork\springBoot\target\classes started by 17545 in D:\Javawork\springBoot)
2020-10-14 19:52:59.521 [main] INFO  bao.xy.Application - No active profile set, falling back to default profiles: default
2020-10-14 19:53:03.078 [main] INFO  bao.xy.Application - Started Application in 4.478 seconds (JVM running for 6.251)
2020-10-14 19:54:54.273 [main] INFO  bao.xy.Application - Starting Application on DESKTOP-E4PFTSG with PID 3400 (D:\Javawork\springBoot\target\classes started by 17545 in D:\Javawork\springBoot)
2020-10-14 19:54:54.275 [main] INFO  bao.xy.Application - No active profile set, falling back to default profiles: default
2020-10-14 19:54:57.391 [main] INFO  bao.xy.Application - Started Application in 3.879 seconds (JVM running for 5.446)
2020-10-14 20:33:05.635 [main] INFO  bao.xy.Application - Starting Application on DESKTOP-E4PFTSG with PID 15888 (D:\Javawork\springBoot\target\classes started by 17545 in D:\Javawork\springBoot)
2020-10-14 20:33:05.636 [main] INFO  bao.xy.Application - No active profile set, falling back to default profiles: default
2020-10-14 20:33:09.916 [main] INFO  bao.xy.Application - Started Application in 5.405 seconds (JVM running for 7.474)
2020-10-14 20:41:31.400 [main] INFO  bao.xy.Application - Starting Application on DESKTOP-E4PFTSG with PID 19596 (D:\Javawork\springBoot\target\classes started by 17545 in D:\Javawork\springBoot)
2020-10-14 20:41:31.402 [main] INFO  bao.xy.Application - No active profile set, falling back to default profiles: default
2020-10-14 20:41:34.690 [main] INFO  bao.xy.Application - Started Application in 4.01 seconds (JVM running for 5.255)
2020-10-14 20:42:44.959 [main] INFO  bao.xy.Application - Starting Application on DESKTOP-E4PFTSG with PID 18312 (D:\Javawork\springBoot\target\classes started by 17545 in D:\Javawork\springBoot)
2020-10-14 20:42:44.961 [main] INFO  bao.xy.Application - No active profile set, falling back to default profiles: default
2020-10-14 20:42:48.446 [main] INFO  bao.xy.Application - Started Application in 4.689 seconds (JVM running for 6.304)
2020-10-14 20:43:49.890 [main] INFO  bao.xy.Application - Starting Application on DESKTOP-E4PFTSG with PID 18992 (D:\Javawork\springBoot\target\classes started by 17545 in D:\Javawork\springBoot)
2020-10-14 20:43:49.892 [main] INFO  bao.xy.Application - No active profile set, falling back to default profiles: default
2020-10-14 20:43:52.914 [main] INFO  bao.xy.Application - Started Application in 3.798 seconds (JVM running for 5.93)
2020-10-14 20:45:11.666 [main] INFO  bao.xy.Application - Starting Application on DESKTOP-E4PFTSG with PID 22200 (D:\Javawork\springBoot\target\classes started by 17545 in D:\Javawork\springBoot)
2020-10-14 20:45:11.668 [main] INFO  bao.xy.Application - No active profile set, falling back to default profiles: default
2020-10-14 20:45:15.376 [main] INFO  bao.xy.Application - Started Application in 4.517 seconds (JVM running for 6.025)
2020-10-14 20:46:25.173 [main] INFO  bao.xy.Application - Starting Application on DESKTOP-E4PFTSG with PID 20628 (D:\Javawork\springBoot\target\classes started by 17545 in D:\Javawork\springBoot)
2020-10-14 20:46:25.175 [main] INFO  bao.xy.Application - No active profile set, falling back to default profiles: default
2020-10-14 20:46:28.424 [main] INFO  bao.xy.Application - Started Application in 4.04 seconds (JVM running for 5.344)
2020-10-14 20:49:59.377 [main] INFO  bao.xy.Application - Starting Application on DESKTOP-E4PFTSG with PID 14644 (D:\Javawork\springBoot\target\classes started by 17545 in D:\Javawork\springBoot)
2020-10-14 20:49:59.379 [main] INFO  bao.xy.Application - No active profile set, falling back to default profiles: default
2020-10-14 20:50:03.864 [main] INFO  bao.xy.Application - Started Application in 5.57 seconds (JVM running for 7.164)
2020-10-14 20:57:01.615 [main] INFO  bao.xy.Application - Starting Application on DESKTOP-E4PFTSG with PID 15484 (D:\Javawork\springBoot\target\classes started by 17545 in D:\Javawork\springBoot)
2020-10-14 20:57:01.617 [main] INFO  bao.xy.Application - No active profile set, falling back to default profiles: default
2020-10-14 20:57:06.806 [main] INFO  bao.xy.Application - Started Application in 5.931 seconds (JVM running for 7.19)
2020-10-14 20:58:18.460 [main] INFO  bao.xy.Application - Starting Application on DESKTOP-E4PFTSG with PID 17632 (D:\Javawork\springBoot\target\classes started by 17545 in D:\Javawork\springBoot)
2020-10-14 20:58:18.461 [main] INFO  bao.xy.Application - No active profile set, falling back to default profiles: default
2020-10-14 20:58:21.594 [main] INFO  bao.xy.Application - Started Application in 3.94 seconds (JVM running for 5.219)
2020-10-14 20:59:03.319 [main] INFO  bao.xy.Application - Starting Application on DESKTOP-E4PFTSG with PID 5332 (D:\Javawork\springBoot\target\classes started by 17545 in D:\Javawork\springBoot)
2020-10-14 20:59:03.323 [main] INFO  bao.xy.Application - No active profile set, falling back to default profiles: default
2020-10-14 20:59:06.270 [main] INFO  bao.xy.Application - Started Application in 3.752 seconds (JVM running for 5.07)
2020-10-14 20:59:35.216 [main] INFO  bao.xy.Application - Starting Application on DESKTOP-E4PFTSG with PID 13860 (D:\Javawork\springBoot\target\classes started by 17545 in D:\Javawork\springBoot)
2020-10-14 20:59:35.218 [main] INFO  bao.xy.Application - No active profile set, falling back to default profiles: default
2020-10-14 20:59:38.149 [main] INFO  bao.xy.Application - Started Application in 3.692 seconds (JVM running for 5.028)
2020-10-14 21:00:45.978 [main] INFO  bao.xy.Application - Starting Application on DESKTOP-E4PFTSG with PID 76 (D:\Javawork\springBoot\target\classes started by 17545 in D:\Javawork\springBoot)
2020-10-14 21:00:45.983 [main] INFO  bao.xy.Application - No active profile set, falling back to default profiles: default
2020-10-14 21:00:50.068 [main] INFO  bao.xy.Application - Started Application in 4.917 seconds (JVM running for 6.264)
2020-10-14 21:01:18.700 [main] INFO  bao.xy.Application - Starting Application on DESKTOP-E4PFTSG with PID 1104 (D:\Javawork\springBoot\target\classes started by 17545 in D:\Javawork\springBoot)
2020-10-14 21:01:18.703 [main] INFO  bao.xy.Application - No active profile set, falling back to default profiles: default
2020-10-14 21:01:22.260 [main] INFO  bao.xy.Application - Started Application in 4.292 seconds (JVM running for 5.828)
2020-10-14 21:02:12.029 [main] INFO  bao.xy.Application - Starting Application on DESKTOP-E4PFTSG with PID 17608 (D:\Javawork\springBoot\target\classes started by 17545 in D:\Javawork\springBoot)
2020-10-14 21:02:12.031 [main] INFO  bao.xy.Application - No active profile set, falling back to default profiles: default
2020-10-14 21:02:15.162 [main] INFO  bao.xy.Application - Started Application in 3.836 seconds (JVM running for 5.262)
2020-10-14 21:02:38.077 [main] INFO  bao.xy.Application - Starting Application on DESKTOP-E4PFTSG with PID 7660 (D:\Javawork\springBoot\target\classes started by 17545 in D:\Javawork\springBoot)
2020-10-14 21:02:38.082 [main] INFO  bao.xy.Application - No active profile set, falling back to default profiles: default
2020-10-14 21:02:40.968 [main] INFO  bao.xy.Application - Started Application in 3.708 seconds (JVM running for 5.393)
2020-10-14 21:03:35.225 [main] INFO  bao.xy.Application - Starting Application on DESKTOP-E4PFTSG with PID 19972 (D:\Javawork\springBoot\target\classes started by 17545 in D:\Javawork\springBoot)
2020-10-14 21:03:35.227 [main] INFO  bao.xy.Application - No active profile set, falling back to default profiles: default
2020-10-14 21:03:38.639 [main] INFO  bao.xy.Application - Started Application in 4.154 seconds (JVM running for 5.511)
2020-10-14 21:04:02.773 [main] INFO  bao.xy.Application - Starting Application on DESKTOP-E4PFTSG with PID 16188 (D:\Javawork\springBoot\target\classes started by 17545 in D:\Javawork\springBoot)
2020-10-14 21:04:02.774 [main] INFO  bao.xy.Application - No active profile set, falling back to default profiles: default
2020-10-14 21:04:05.694 [main] INFO  bao.xy.Application - Started Application in 3.865 seconds (JVM running for 5.232)
2020-10-14 21:07:31.105 [main] INFO  bao.xy.Application - Starting Application on DESKTOP-E4PFTSG with PID 22204 (D:\Javawork\springBoot\target\classes started by 17545 in D:\Javawork\springBoot)
2020-10-14 21:07:31.106 [main] INFO  bao.xy.Application - No active profile set, falling back to default profiles: default
2020-10-14 21:07:33.828 [main] INFO  bao.xy.Application - Started Application in 3.612 seconds (JVM running for 5.199)
2020-10-14 21:12:14.426 [main] INFO  bao.xy.Application - Starting Application on DESKTOP-E4PFTSG with PID 7764 (D:\Javawork\springBoot\target\classes started by 17545 in D:\Javawork\springBoot)
2020-10-14 21:12:14.427 [main] INFO  bao.xy.Application - No active profile set, falling back to default profiles: default
2020-10-14 21:12:17.502 [main] INFO  bao.xy.Application - Started Application in 3.948 seconds (JVM running for 5.438)
2020-10-14 21:16:05.832 [main] INFO  bao.xy.Application - Starting Application on DESKTOP-E4PFTSG with PID 4592 (D:\Javawork\springBoot\target\classes started by 17545 in D:\Javawork\springBoot)
2020-10-14 21:16:05.839 [main] INFO  bao.xy.Application - No active profile set, falling back to default profiles: default
2020-10-14 21:16:11.487 [main] INFO  bao.xy.Application - Started Application in 7.022 seconds (JVM running for 9.674)
2020-10-14 22:01:20.476 [main] INFO  bao.xy.Application - Starting Application on DESKTOP-E4PFTSG with PID 13016 (D:\Javawork\springBoot\target\classes started by 17545 in D:\Javawork\springBoot)
2020-10-14 22:01:20.477 [main] INFO  bao.xy.Application - No active profile set, falling back to default profiles: default
2020-10-14 22:01:25.141 [main] INFO  bao.xy.Application - Started Application in 5.797 seconds (JVM running for 8.114)
